2022-04-07 00:51:32.485  INFO 14920 --- [main] SpringBootCoreDataJpaMvcRest1Application : Starting TimesheetSpringBootCoreDataJpaMvcRest1Application on DESKTOP-I6V9FE6 with PID 14920 (C:\Users\Hamza\OneDrive\Bureau\Continuous-Integration-Project-Timesheet\Timesheet-spring-boot-core-data-jpa-mvc-REST-1\target\classes started by Hamza in C:\Users\Hamza\OneDrive\Bureau\Continuous-Integration-Project-Timesheet\Timesheet-spring-boot-core-data-jpa-mvc-REST-1)
2022-04-07 00:51:32.564  INFO 14920 --- [main] SpringBootCoreDataJpaMvcRest1Application : No active profile set, falling back to default profiles: default
2022-04-07 00:51:35.192  INFO 14920 --- [main] .s.d.r.c.RepositoryConfigurationDelegate : Bootstrapping Spring Data repositories in DEFAULT mode.
2022-04-07 00:51:35.407  INFO 14920 --- [main] .s.d.r.c.RepositoryConfigurationDelegate : Finished Spring Data repository scanning in 203ms. Found 6 repository interfaces.
2022-04-07 00:51:36.139  INFO 14920 --- [main] trationDelegate$BeanPostProcessorChecker : Bean 'org.springframework.transaction.annotation.ProxyTransactionManagementConfiguration' of type [org.springframework.transaction.annotation.ProxyTransactionManagementConfiguration$$EnhancerBySpringCGLIB$$e8e90b0d] is not eligible for getting processed by all BeanPostProcessors (for example: not eligible for auto-proxying)
2022-04-07 00:51:37.701  INFO 14920 --- [main] o.s.b.w.embedded.tomcat.TomcatWebServer  : Tomcat initialized with port(s): 8081 (http)
2022-04-07 00:51:37.861  INFO 14920 --- [main] o.apache.catalina.core.StandardService   : Starting service [Tomcat]
2022-04-07 00:51:37.862  INFO 14920 --- [main] org.apache.catalina.core.StandardEngine  : Starting Servlet engine: [Apache Tomcat/9.0.17]
2022-04-07 00:51:40.089  INFO 14920 --- [main] o.a.c.c.C.[.[localhost].[/SpringMVC]     : Initializing Spring embedded WebApplicationContext
2022-04-07 00:51:40.091  INFO 14920 --- [main] o.s.web.context.ContextLoader            : Root WebApplicationContext: initialization completed in 7287 ms
2022-04-07 00:51:41.461  INFO 14920 --- [main] com.zaxxer.hikari.HikariDataSource       : HikariPool-1 - Starting...
2022-04-07 00:51:42.381  INFO 14920 --- [main] com.zaxxer.hikari.HikariDataSource       : HikariPool-1 - Start completed.
2022-04-07 00:51:42.615  INFO 14920 --- [main] o.hibernate.jpa.internal.util.LogHelper  : HHH000204: Processing PersistenceUnitInfo [
	name: default
	...]
2022-04-07 00:51:42.911  INFO 14920 --- [main] org.hibernate.Version                    : HHH000412: Hibernate Core {5.3.9.Final}
2022-04-07 00:51:42.914  INFO 14920 --- [main] org.hibernate.cfg.Environment            : HHH000206: hibernate.properties not found
2022-04-07 00:51:43.700  INFO 14920 --- [main] o.hibernate.annotations.common.Version   : HCANN000001: Hibernate Commons Annotations {5.0.4.Final}
2022-04-07 00:51:44.407  INFO 14920 --- [main] org.hibernate.dialect.Dialect            : HHH000400: Using dialect: org.hibernate.dialect.MySQL5Dialect
2022-04-07 00:51:48.884  INFO 14920 --- [main] j.LocalContainerEntityManagerFactoryBean : Initialized JPA EntityManagerFactory for persistence unit 'default'
2022-04-07 00:51:49.847  INFO 14920 --- [main] o.h.h.i.QueryTranslatorFactoryInitiator  : HHH000397: Using ASTQueryTranslatorFactory
2022-04-07 00:51:51.471  INFO 14920 --- [main] o.s.s.concurrent.ThreadPoolTaskExecutor  : Initializing ExecutorService 'applicationTaskExecutor'
2022-04-07 00:51:51.581  WARN 14920 --- [main] aWebConfiguration$JpaWebMvcConfiguration : spring.jpa.open-in-view is enabled by default. Therefore, database queries may be performed during view rendering. Explicitly configure spring.jpa.open-in-view to disable this warning
2022-04-07 00:51:52.194  INFO 14920 --- [main] o.s.b.w.embedded.tomcat.TomcatWebServer  : Tomcat started on port(s): 8081 (http) with context path '/SpringMVC'
2022-04-07 00:51:52.196  INFO 14920 --- [main] SpringBootCoreDataJpaMvcRest1Application : Started TimesheetSpringBootCoreDataJpaMvcRest1Application in 21.014 seconds (JVM running for 22.007)
2022-04-07 00:52:51.629  INFO 240 --- [main] tn.esprit.spring.EmployeTest             : Starting EmployeTest on DESKTOP-I6V9FE6 with PID 240 (started by Hamza in C:\Users\Hamza\OneDrive\Bureau\Continuous-Integration-Project-Timesheet\Timesheet-spring-boot-core-data-jpa-mvc-REST-1)
2022-04-07 00:52:51.631  INFO 240 --- [main] tn.esprit.spring.EmployeTest             : No active profile set, falling back to default profiles: default
2022-04-07 00:52:54.509  INFO 240 --- [main] .s.d.r.c.RepositoryConfigurationDelegate : Bootstrapping Spring Data repositories in DEFAULT mode.
2022-04-07 00:52:54.789  INFO 240 --- [main] .s.d.r.c.RepositoryConfigurationDelegate : Finished Spring Data repository scanning in 266ms. Found 6 repository interfaces.
2022-04-07 00:52:56.004  INFO 240 --- [main] trationDelegate$BeanPostProcessorChecker : Bean 'org.springframework.transaction.annotation.ProxyTransactionManagementConfiguration' of type [org.springframework.transaction.annotation.ProxyTransactionManagementConfiguration$$EnhancerBySpringCGLIB$$2330cc7f] is not eligible for getting processed by all BeanPostProcessors (for example: not eligible for auto-proxying)
2022-04-07 00:52:57.622  INFO 240 --- [main] com.zaxxer.hikari.HikariDataSource       : HikariPool-1 - Starting...
2022-04-07 00:52:58.470  INFO 240 --- [main] com.zaxxer.hikari.HikariDataSource       : HikariPool-1 - Start completed.
2022-04-07 00:52:59.117  INFO 240 --- [main] o.hibernate.jpa.internal.util.LogHelper  : HHH000204: Processing PersistenceUnitInfo [
	name: default
	...]
2022-04-07 00:53:00.162  INFO 240 --- [main] org.hibernate.Version                    : HHH000412: Hibernate Core {5.3.9.Final}
2022-04-07 00:53:00.170  INFO 240 --- [main] org.hibernate.cfg.Environment            : HHH000206: hibernate.properties not found
2022-04-07 00:53:00.963  INFO 240 --- [main] o.hibernate.annotations.common.Version   : HCANN000001: Hibernate Commons Annotations {5.0.4.Final}
2022-04-07 00:53:03.013  INFO 240 --- [main] org.hibernate.dialect.Dialect            : HHH000400: Using dialect: org.hibernate.dialect.MySQL5Dialect
2022-04-07 00:53:10.771  INFO 240 --- [main] j.LocalContainerEntityManagerFactoryBean : Initialized JPA EntityManagerFactory for persistence unit 'default'
2022-04-07 00:53:11.867  INFO 240 --- [main] o.h.h.i.QueryTranslatorFactoryInitiator  : HHH000397: Using ASTQueryTranslatorFactory
2022-04-07 00:53:16.043  INFO 240 --- [main] o.s.s.concurrent.ThreadPoolTaskExecutor  : Initializing ExecutorService 'applicationTaskExecutor'
2022-04-07 00:53:16.250  WARN 240 --- [main] aWebConfiguration$JpaWebMvcConfiguration : spring.jpa.open-in-view is enabled by default. Therefore, database queries may be performed during view rendering. Explicitly configure spring.jpa.open-in-view to disable this warning
2022-04-07 00:53:18.810  INFO 240 --- [main] tn.esprit.spring.EmployeTest             : Started EmployeTest in 28.264 seconds (JVM running for 31.977)
2022-04-07 00:53:19.542  INFO 240 --- [main] t.e.spring.services.EmployeServiceImpl   : ajouterEmploye a été lancé 
2022-04-07 00:53:20.217  INFO 240 --- [main] t.e.spring.services.EmployeServiceImpl   : L'employé dont L'ID = 128 est ajouté
2022-04-07 00:53:20.675  INFO 240 --- [main] t.e.spring.services.EmployeServiceImpl   : ajouterEmploye a été lancé 
2022-04-07 00:53:20.682  INFO 240 --- [main] t.e.spring.services.EmployeServiceImpl   : L'employé dont L'ID = 129 est ajouté
2022-04-07 00:53:21.520  INFO 240 --- [main] t.e.spring.services.EmployeServiceImpl   : mettreAjourEmailByEmployeId a été lancé 
2022-04-07 00:53:21.547  INFO 240 --- [main] t.e.spring.services.EmployeServiceImpl   : L'employé dont L'ID = 3 est mis a jour 
2022-04-07 00:53:22.138  INFO 240 --- [Thread-2] o.s.s.concurrent.ThreadPoolTaskExecutor  : Shutting down ExecutorService 'applicationTaskExecutor'
2022-04-07 00:53:22.150  INFO 240 --- [Thread-2] j.LocalContainerEntityManagerFactoryBean : Closing JPA EntityManagerFactory for persistence unit 'default'
2022-04-07 00:53:22.239  INFO 240 --- [Thread-2] com.zaxxer.hikari.HikariDataSource       : HikariPool-1 - Shutdown initiated...
2022-04-07 00:53:22.271  INFO 240 --- [Thread-2] com.zaxxer.hikari.HikariDataSource       : HikariPool-1 - Shutdown completed.
2022-04-07 00:55:27.378  INFO 3120 --- [main] tn.esprit.spring.EmployeTest             : Starting EmployeTest on DESKTOP-I6V9FE6 with PID 3120 (started by Hamza in C:\Users\Hamza\OneDrive\Bureau\Continuous-Integration-Project-Timesheet\Timesheet-spring-boot-core-data-jpa-mvc-REST-1)
2022-04-07 00:55:27.381  INFO 3120 --- [main] tn.esprit.spring.EmployeTest             : No active profile set, falling back to default profiles: default
2022-04-07 00:55:28.561  INFO 3120 --- [main] .s.d.r.c.RepositoryConfigurationDelegate : Bootstrapping Spring Data repositories in DEFAULT mode.
2022-04-07 00:55:28.832  INFO 3120 --- [main] .s.d.r.c.RepositoryConfigurationDelegate : Finished Spring Data repository scanning in 248ms. Found 6 repository interfaces.
2022-04-07 00:55:29.825  INFO 3120 --- [main] trationDelegate$BeanPostProcessorChecker : Bean 'org.springframework.transaction.annotation.ProxyTransactionManagementConfiguration' of type [org.springframework.transaction.annotation.ProxyTransactionManagementConfiguration$$EnhancerBySpringCGLIB$$2a1bfeb4] is not eligible for getting processed by all BeanPostProcessors (for example: not eligible for auto-proxying)
2022-04-07 00:55:30.435  INFO 3120 --- [main] com.zaxxer.hikari.HikariDataSource       : HikariPool-1 - Starting...
2022-04-07 00:55:30.826  INFO 3120 --- [main] com.zaxxer.hikari.HikariDataSource       : HikariPool-1 - Start completed.
2022-04-07 00:55:31.219  INFO 3120 --- [main] o.hibernate.jpa.internal.util.LogHelper  : HHH000204: Processing PersistenceUnitInfo [
	name: default
	...]
2022-04-07 00:55:31.442  INFO 3120 --- [main] org.hibernate.Version                    : HHH000412: Hibernate Core {5.3.9.Final}
2022-04-07 00:55:31.445  INFO 3120 --- [main] org.hibernate.cfg.Environment            : HHH000206: hibernate.properties not found
2022-04-07 00:55:31.994  INFO 3120 --- [main] o.hibernate.annotations.common.Version   : HCANN000001: Hibernate Commons Annotations {5.0.4.Final}
2022-04-07 00:55:33.008  INFO 3120 --- [main] org.hibernate.dialect.Dialect            : HHH000400: Using dialect: org.hibernate.dialect.MySQL5Dialect
2022-04-07 00:55:35.084  INFO 3120 --- [main] j.LocalContainerEntityManagerFactoryBean : Initialized JPA EntityManagerFactory for persistence unit 'default'
2022-04-07 00:55:35.598  INFO 3120 --- [main] o.h.h.i.QueryTranslatorFactoryInitiator  : HHH000397: Using ASTQueryTranslatorFactory
2022-04-07 00:55:37.759  INFO 3120 --- [main] o.s.s.concurrent.ThreadPoolTaskExecutor  : Initializing ExecutorService 'applicationTaskExecutor'
2022-04-07 00:55:37.890  WARN 3120 --- [main] aWebConfiguration$JpaWebMvcConfiguration : spring.jpa.open-in-view is enabled by default. Therefore, database queries may be performed during view rendering. Explicitly configure spring.jpa.open-in-view to disable this warning
2022-04-07 00:55:38.745  INFO 3120 --- [main] tn.esprit.spring.EmployeTest             : Started EmployeTest in 11.929 seconds (JVM running for 13.427)
2022-04-07 00:55:39.090  INFO 3120 --- [main] t.e.spring.services.EmployeServiceImpl   : ajouterEmploye a été lancé 
2022-04-07 00:55:39.600  INFO 3120 --- [main] t.e.spring.services.EmployeServiceImpl   : L'employé dont L'ID = 130 est ajouté
2022-04-07 00:55:39.792  INFO 3120 --- [main] t.e.spring.services.EmployeServiceImpl   : ajouterEmploye a été lancé 
2022-04-07 00:55:39.796  INFO 3120 --- [main] t.e.spring.services.EmployeServiceImpl   : L'employé dont L'ID = 131 est ajouté
2022-04-07 00:55:40.791  INFO 3120 --- [Thread-2] o.s.s.concurrent.ThreadPoolTaskExecutor  : Shutting down ExecutorService 'applicationTaskExecutor'
2022-04-07 00:55:40.796  INFO 3120 --- [Thread-2] j.LocalContainerEntityManagerFactoryBean : Closing JPA EntityManagerFactory for persistence unit 'default'
2022-04-07 00:55:40.800  INFO 3120 --- [Thread-2] com.zaxxer.hikari.HikariDataSource       : HikariPool-1 - Shutdown initiated...
2022-04-07 00:55:40.815  INFO 3120 --- [Thread-2] com.zaxxer.hikari.HikariDataSource       : HikariPool-1 - Shutdown completed.
2022-04-07 00:57:51.918  INFO 3540 --- [main] tn.esprit.spring.EmployeTest             : Starting EmployeTest on DESKTOP-I6V9FE6 with PID 3540 (started by Hamza in C:\Users\Hamza\OneDrive\Bureau\Continuous-Integration-Project-Timesheet\Timesheet-spring-boot-core-data-jpa-mvc-REST-1)
2022-04-07 00:57:51.922  INFO 3540 --- [main] tn.esprit.spring.EmployeTest             : No active profile set, falling back to default profiles: default
2022-04-07 00:57:53.521  INFO 3540 --- [main] .s.d.r.c.RepositoryConfigurationDelegate : Bootstrapping Spring Data repositories in DEFAULT mode.
2022-04-07 00:57:53.640  INFO 3540 --- [main] .s.d.r.c.RepositoryConfigurationDelegate : Finished Spring Data repository scanning in 109ms. Found 6 repository interfaces.
2022-04-07 00:57:54.232  INFO 3540 --- [main] trationDelegate$BeanPostProcessorChecker : Bean 'org.springframework.transaction.annotation.ProxyTransactionManagementConfiguration' of type [org.springframework.transaction.annotation.ProxyTransactionManagementConfiguration$$EnhancerBySpringCGLIB$$fed14f45] is not eligible for getting processed by all BeanPostProcessors (for example: not eligible for auto-proxying)
2022-04-07 00:57:54.621  INFO 3540 --- [main] com.zaxxer.hikari.HikariDataSource       : HikariPool-1 - Starting...
2022-04-07 00:57:54.806  INFO 3540 --- [main] com.zaxxer.hikari.HikariDataSource       : HikariPool-1 - Start completed.
2022-04-07 00:57:55.005  INFO 3540 --- [main] o.hibernate.jpa.internal.util.LogHelper  : HHH000204: Processing PersistenceUnitInfo [
	name: default
	...]
2022-04-07 00:57:55.108  INFO 3540 --- [main] org.hibernate.Version                    : HHH000412: Hibernate Core {5.3.9.Final}
2022-04-07 00:57:55.112  INFO 3540 --- [main] org.hibernate.cfg.Environment            : HHH000206: hibernate.properties not found
2022-04-07 00:57:55.326  INFO 3540 --- [main] o.hibernate.annotations.common.Version   : HCANN000001: Hibernate Commons Annotations {5.0.4.Final}
2022-04-07 00:57:55.960  INFO 3540 --- [main] org.hibernate.dialect.Dialect            : HHH000400: Using dialect: org.hibernate.dialect.MySQL5Dialect
2022-04-07 00:57:57.599  INFO 3540 --- [main] j.LocalContainerEntityManagerFactoryBean : Initialized JPA EntityManagerFactory for persistence unit 'default'
2022-04-07 00:57:58.112  INFO 3540 --- [main] o.h.h.i.QueryTranslatorFactoryInitiator  : HHH000397: Using ASTQueryTranslatorFactory
2022-04-07 00:57:59.895  INFO 3540 --- [main] o.s.s.concurrent.ThreadPoolTaskExecutor  : Initializing ExecutorService 'applicationTaskExecutor'
2022-04-07 00:58:00.019  WARN 3540 --- [main] aWebConfiguration$JpaWebMvcConfiguration : spring.jpa.open-in-view is enabled by default. Therefore, database queries may be performed during view rendering. Explicitly configure spring.jpa.open-in-view to disable this warning
2022-04-07 00:58:01.203  INFO 3540 --- [main] tn.esprit.spring.EmployeTest             : Started EmployeTest in 9.853 seconds (JVM running for 10.938)
2022-04-07 00:58:01.348  INFO 3540 --- [main] t.e.spring.services.EmployeServiceImpl   : ajouterEmploye a été lancé 
2022-04-07 00:58:01.499  INFO 3540 --- [main] t.e.spring.services.EmployeServiceImpl   : L'employé dont L'ID = 132 est ajouté
2022-04-07 00:58:01.591  INFO 3540 --- [main] t.e.spring.services.EmployeServiceImpl   : ajouterEmploye a été lancé 
2022-04-07 00:58:01.595  INFO 3540 --- [main] t.e.spring.services.EmployeServiceImpl   : L'employé dont L'ID = 133 est ajouté
2022-04-07 00:58:02.181  INFO 3540 --- [Thread-2] o.s.s.concurrent.ThreadPoolTaskExecutor  : Shutting down ExecutorService 'applicationTaskExecutor'
2022-04-07 00:58:02.185  INFO 3540 --- [Thread-2] j.LocalContainerEntityManagerFactoryBean : Closing JPA EntityManagerFactory for persistence unit 'default'
2022-04-07 00:58:02.188  INFO 3540 --- [Thread-2] com.zaxxer.hikari.HikariDataSource       : HikariPool-1 - Shutdown initiated...
2022-04-07 00:58:02.214  INFO 3540 --- [Thread-2] com.zaxxer.hikari.HikariDataSource       : HikariPool-1 - Shutdown completed.
2022-04-07 00:58:48.788  INFO 16196 --- [main] tn.esprit.spring.EmployeTest             : Starting EmployeTest on DESKTOP-I6V9FE6 with PID 16196 (started by Hamza in C:\Users\Hamza\OneDrive\Bureau\Continuous-Integration-Project-Timesheet\Timesheet-spring-boot-core-data-jpa-mvc-REST-1)
2022-04-07 00:58:48.792  INFO 16196 --- [main] tn.esprit.spring.EmployeTest             : No active profile set, falling back to default profiles: default
2022-04-07 00:58:50.538  INFO 16196 --- [main] .s.d.r.c.RepositoryConfigurationDelegate : Bootstrapping Spring Data repositories in DEFAULT mode.
2022-04-07 00:58:50.701  INFO 16196 --- [main] .s.d.r.c.RepositoryConfigurationDelegate : Finished Spring Data repository scanning in 148ms. Found 6 repository interfaces.
2022-04-07 00:58:51.356  INFO 16196 --- [main] trationDelegate$BeanPostProcessorChecker : Bean 'org.springframework.transaction.annotation.ProxyTransactionManagementConfiguration' of type [org.springframework.transaction.annotation.ProxyTransactionManagementConfiguration$$EnhancerBySpringCGLIB$$fed14f45] is not eligible for getting processed by all BeanPostProcessors (for example: not eligible for auto-proxying)
2022-04-07 00:58:51.802  INFO 16196 --- [main] com.zaxxer.hikari.HikariDataSource       : HikariPool-1 - Starting...
2022-04-07 00:58:52.043  INFO 16196 --- [main] com.zaxxer.hikari.HikariDataSource       : HikariPool-1 - Start completed.
2022-04-07 00:58:52.311  INFO 16196 --- [main] o.hibernate.jpa.internal.util.LogHelper  : HHH000204: Processing PersistenceUnitInfo [
	name: default
	...]
2022-04-07 00:58:52.478  INFO 16196 --- [main] org.hibernate.Version                    : HHH000412: Hibernate Core {5.3.9.Final}
2022-04-07 00:58:52.482  INFO 16196 --- [main] org.hibernate.cfg.Environment            : HHH000206: hibernate.properties not found
2022-04-07 00:58:52.812  INFO 16196 --- [main] o.hibernate.annotations.common.Version   : HCANN000001: Hibernate Commons Annotations {5.0.4.Final}
2022-04-07 00:58:53.516  INFO 16196 --- [main] org.hibernate.dialect.Dialect            : HHH000400: Using dialect: org.hibernate.dialect.MySQL5Dialect
2022-04-07 00:58:56.146  INFO 16196 --- [main] j.LocalContainerEntityManagerFactoryBean : Initialized JPA EntityManagerFactory for persistence unit 'default'
2022-04-07 00:58:56.689  INFO 16196 --- [main] o.h.h.i.QueryTranslatorFactoryInitiator  : HHH000397: Using ASTQueryTranslatorFactory
2022-04-07 00:58:59.018  INFO 16196 --- [main] o.s.s.concurrent.ThreadPoolTaskExecutor  : Initializing ExecutorService 'applicationTaskExecutor'
2022-04-07 00:58:59.165  WARN 16196 --- [main] aWebConfiguration$JpaWebMvcConfiguration : spring.jpa.open-in-view is enabled by default. Therefore, database queries may be performed during view rendering. Explicitly configure spring.jpa.open-in-view to disable this warning
2022-04-07 00:59:00.514  INFO 16196 --- [main] tn.esprit.spring.EmployeTest             : Started EmployeTest in 12.429 seconds (JVM running for 13.8)
2022-04-07 00:59:00.742  INFO 16196 --- [main] t.e.spring.services.EmployeServiceImpl   : ajouterEmploye a été lancé 
2022-04-07 00:59:00.917  INFO 16196 --- [main] t.e.spring.services.EmployeServiceImpl   : L'employé dont L'ID = 134 est ajouté
2022-04-07 00:59:01.061  INFO 16196 --- [main] t.e.spring.services.EmployeServiceImpl   : ajouterEmploye a été lancé 
2022-04-07 00:59:01.067  INFO 16196 --- [main] t.e.spring.services.EmployeServiceImpl   : L'employé dont L'ID = 135 est ajouté
2022-04-07 00:59:01.819  INFO 16196 --- [main] t.e.spring.services.EmployeServiceImpl   : mettreAjourEmailByEmployeId a été lancé 
2022-04-07 00:59:01.855  INFO 16196 --- [main] t.e.spring.services.EmployeServiceImpl   : L'employé dont L'ID = 132 est mis a jour 
2022-04-07 00:59:02.384  INFO 16196 --- [Thread-2] o.s.s.concurrent.ThreadPoolTaskExecutor  : Shutting down ExecutorService 'applicationTaskExecutor'
2022-04-07 00:59:02.389  INFO 16196 --- [Thread-2] j.LocalContainerEntityManagerFactoryBean : Closing JPA EntityManagerFactory for persistence unit 'default'
2022-04-07 00:59:02.396  INFO 16196 --- [Thread-2] com.zaxxer.hikari.HikariDataSource       : HikariPool-1 - Shutdown initiated...
2022-04-07 00:59:02.539  INFO 16196 --- [Thread-2] com.zaxxer.hikari.HikariDataSource       : HikariPool-1 - Shutdown completed.
2022-04-07 01:00:10.541  INFO 16160 --- [main] tn.esprit.spring.EmployeTest             : Starting EmployeTest on DESKTOP-I6V9FE6 with PID 16160 (started by Hamza in C:\Users\Hamza\OneDrive\Bureau\Continuous-Integration-Project-Timesheet\Timesheet-spring-boot-core-data-jpa-mvc-REST-1)
2022-04-07 01:00:10.543  INFO 16160 --- [main] tn.esprit.spring.EmployeTest             : No active profile set, falling back to default profiles: default
2022-04-07 01:00:12.817  INFO 16160 --- [main] .s.d.r.c.RepositoryConfigurationDelegate : Bootstrapping Spring Data repositories in DEFAULT mode.
2022-04-07 01:00:13.009  INFO 16160 --- [main] .s.d.r.c.RepositoryConfigurationDelegate : Finished Spring Data repository scanning in 175ms. Found 6 repository interfaces.
2022-04-07 01:00:14.050  INFO 16160 --- [main] trationDelegate$BeanPostProcessorChecker : Bean 'org.springframework.transaction.annotation.ProxyTransactionManagementConfiguration' of type [org.springframework.transaction.annotation.ProxyTransactionManagementConfiguration$$EnhancerBySpringCGLIB$$2a1bfeb4] is not eligible for getting processed by all BeanPostProcessors (for example: not eligible for auto-proxying)
2022-04-07 01:00:14.751  INFO 16160 --- [main] com.zaxxer.hikari.HikariDataSource       : HikariPool-1 - Starting...
2022-04-07 01:00:15.113  INFO 16160 --- [main] com.zaxxer.hikari.HikariDataSource       : HikariPool-1 - Start completed.
2022-04-07 01:00:15.440  INFO 16160 --- [main] o.hibernate.jpa.internal.util.LogHelper  : HHH000204: Processing PersistenceUnitInfo [
	name: default
	...]
2022-04-07 01:00:15.606  INFO 16160 --- [main] org.hibernate.Version                    : HHH000412: Hibernate Core {5.3.9.Final}
2022-04-07 01:00:15.613  INFO 16160 --- [main] org.hibernate.cfg.Environment            : HHH000206: hibernate.properties not found
2022-04-07 01:00:15.975  INFO 16160 --- [main] o.hibernate.annotations.common.Version   : HCANN000001: Hibernate Commons Annotations {5.0.4.Final}
2022-04-07 01:00:16.940  INFO 16160 --- [main] org.hibernate.dialect.Dialect            : HHH000400: Using dialect: org.hibernate.dialect.MySQL5Dialect
2022-04-07 01:00:19.356  INFO 16160 --- [main] j.LocalContainerEntityManagerFactoryBean : Initialized JPA EntityManagerFactory for persistence unit 'default'
2022-04-07 01:00:20.010  INFO 16160 --- [main] o.h.h.i.QueryTranslatorFactoryInitiator  : HHH000397: Using ASTQueryTranslatorFactory
2022-04-07 01:00:22.230  INFO 16160 --- [main] o.s.s.concurrent.ThreadPoolTaskExecutor  : Initializing ExecutorService 'applicationTaskExecutor'
2022-04-07 01:00:22.359  WARN 16160 --- [main] aWebConfiguration$JpaWebMvcConfiguration : spring.jpa.open-in-view is enabled by default. Therefore, database queries may be performed during view rendering. Explicitly configure spring.jpa.open-in-view to disable this warning
2022-04-07 01:00:23.596  INFO 16160 --- [main] tn.esprit.spring.EmployeTest             : Started EmployeTest in 13.656 seconds (JVM running for 14.766)
2022-04-07 01:00:23.831  INFO 16160 --- [main] t.e.spring.services.EmployeServiceImpl   : ajouterEmploye a été lancé 
2022-04-07 01:00:24.014  INFO 16160 --- [main] t.e.spring.services.EmployeServiceImpl   : L'employé dont L'ID = 136 est ajouté
2022-04-07 01:00:24.154  INFO 16160 --- [main] t.e.spring.services.EmployeServiceImpl   : ajouterEmploye a été lancé 
2022-04-07 01:00:24.181  INFO 16160 --- [main] t.e.spring.services.EmployeServiceImpl   : L'employé dont L'ID = 137 est ajouté
2022-04-07 01:00:24.904  INFO 16160 --- [main] t.e.spring.services.EmployeServiceImpl   : mettreAjourEmailByEmployeId a été lancé 
2022-04-07 01:00:24.930  INFO 16160 --- [main] t.e.spring.services.EmployeServiceImpl   : L'employé dont L'ID = 5 est mis a jour 
2022-04-07 01:00:25.329  INFO 16160 --- [Thread-2] o.s.s.concurrent.ThreadPoolTaskExecutor  : Shutting down ExecutorService 'applicationTaskExecutor'
2022-04-07 01:00:25.334  INFO 16160 --- [Thread-2] j.LocalContainerEntityManagerFactoryBean : Closing JPA EntityManagerFactory for persistence unit 'default'
2022-04-07 01:00:25.337  INFO 16160 --- [Thread-2] com.zaxxer.hikari.HikariDataSource       : HikariPool-1 - Shutdown initiated...
2022-04-07 01:00:25.363  INFO 16160 --- [Thread-2] com.zaxxer.hikari.HikariDataSource       : HikariPool-1 - Shutdown completed.
2022-04-07 01:02:09.313  INFO 15716 --- [main] tn.esprit.spring.EmployeTest             : Starting EmployeTest on DESKTOP-I6V9FE6 with PID 15716 (started by Hamza in C:\Users\Hamza\OneDrive\Bureau\Continuous-Integration-Project-Timesheet\Timesheet-spring-boot-core-data-jpa-mvc-REST-1)
2022-04-07 01:02:09.315  INFO 15716 --- [main] tn.esprit.spring.EmployeTest             : No active profile set, falling back to default profiles: default
2022-04-07 01:02:11.234  INFO 15716 --- [main] .s.d.r.c.RepositoryConfigurationDelegate : Bootstrapping Spring Data repositories in DEFAULT mode.
2022-04-07 01:02:11.430  INFO 15716 --- [main] .s.d.r.c.RepositoryConfigurationDelegate : Finished Spring Data repository scanning in 180ms. Found 6 repository interfaces.
2022-04-07 01:02:12.186  INFO 15716 --- [main] trationDelegate$BeanPostProcessorChecker : Bean 'org.springframework.transaction.annotation.ProxyTransactionManagementConfiguration' of type [org.springframework.transaction.annotation.ProxyTransactionManagementConfiguration$$EnhancerBySpringCGLIB$$222ebfd3] is not eligible for getting processed by all BeanPostProcessors (for example: not eligible for auto-proxying)
2022-04-07 01:02:12.853  INFO 15716 --- [main] com.zaxxer.hikari.HikariDataSource       : HikariPool-1 - Starting...
2022-04-07 01:02:13.095  INFO 15716 --- [main] com.zaxxer.hikari.HikariDataSource       : HikariPool-1 - Start completed.
2022-04-07 01:02:13.329  INFO 15716 --- [main] o.hibernate.jpa.internal.util.LogHelper  : HHH000204: Processing PersistenceUnitInfo [
	name: default
	...]
2022-04-07 01:02:13.447  INFO 15716 --- [main] org.hibernate.Version                    : HHH000412: Hibernate Core {5.3.9.Final}
2022-04-07 01:02:13.450  INFO 15716 --- [main] org.hibernate.cfg.Environment            : HHH000206: hibernate.properties not found
2022-04-07 01:02:13.704  INFO 15716 --- [main] o.hibernate.annotations.common.Version   : HCANN000001: Hibernate Commons Annotations {5.0.4.Final}
2022-04-07 01:02:14.489  INFO 15716 --- [main] org.hibernate.dialect.Dialect            : HHH000400: Using dialect: org.hibernate.dialect.MySQL5Dialect
2022-04-07 01:02:16.185  INFO 15716 --- [main] j.LocalContainerEntityManagerFactoryBean : Initialized JPA EntityManagerFactory for persistence unit 'default'
2022-04-07 01:02:16.825  INFO 15716 --- [main] o.h.h.i.QueryTranslatorFactoryInitiator  : HHH000397: Using ASTQueryTranslatorFactory
2022-04-07 01:02:19.333  INFO 15716 --- [main] o.s.s.concurrent.ThreadPoolTaskExecutor  : Initializing ExecutorService 'applicationTaskExecutor'
2022-04-07 01:02:19.463  WARN 15716 --- [main] aWebConfiguration$JpaWebMvcConfiguration : spring.jpa.open-in-view is enabled by default. Therefore, database queries may be performed during view rendering. Explicitly configure spring.jpa.open-in-view to disable this warning
2022-04-07 01:02:20.510  INFO 15716 --- [main] tn.esprit.spring.EmployeTest             : Started EmployeTest in 11.681 seconds (JVM running for 12.981)
2022-04-07 01:02:20.652  INFO 15716 --- [main] t.e.spring.services.EmployeServiceImpl   : ajouterEmploye a été lancé 
2022-04-07 01:02:20.842  INFO 15716 --- [main] t.e.spring.services.EmployeServiceImpl   : L'employé dont L'ID = 138 est ajouté
2022-04-07 01:02:20.968  INFO 15716 --- [main] t.e.spring.services.EmployeServiceImpl   : ajouterEmploye a été lancé 
2022-04-07 01:02:20.972  INFO 15716 --- [main] t.e.spring.services.EmployeServiceImpl   : L'employé dont L'ID = 139 est ajouté
2022-04-07 01:02:21.854  INFO 15716 --- [main] t.e.spring.services.EmployeServiceImpl   : mettreAjourEmailByEmployeId a été lancé 
2022-04-07 01:02:21.913  INFO 15716 --- [main] t.e.spring.services.EmployeServiceImpl   : L'employé dont L'ID = 53 est mis a jour 
2022-04-07 01:02:22.307  INFO 15716 --- [Thread-2] o.s.s.concurrent.ThreadPoolTaskExecutor  : Shutting down ExecutorService 'applicationTaskExecutor'
2022-04-07 01:02:22.311  INFO 15716 --- [Thread-2] j.LocalContainerEntityManagerFactoryBean : Closing JPA EntityManagerFactory for persistence unit 'default'
2022-04-07 01:02:22.315  INFO 15716 --- [Thread-2] com.zaxxer.hikari.HikariDataSource       : HikariPool-1 - Shutdown initiated...
2022-04-07 01:02:22.331  INFO 15716 --- [Thread-2] com.zaxxer.hikari.HikariDataSource       : HikariPool-1 - Shutdown completed.
2022-04-07 01:03:06.389  INFO 15844 --- [main] tn.esprit.spring.EmployeTest             : Starting EmployeTest on DESKTOP-I6V9FE6 with PID 15844 (started by Hamza in C:\Users\Hamza\OneDrive\Bureau\Continuous-Integration-Project-Timesheet\Timesheet-spring-boot-core-data-jpa-mvc-REST-1)
2022-04-07 01:03:06.392  INFO 15844 --- [main] tn.esprit.spring.EmployeTest             : No active profile set, falling back to default profiles: default
2022-04-07 01:03:08.112  INFO 15844 --- [main] .s.d.r.c.RepositoryConfigurationDelegate : Bootstrapping Spring Data repositories in DEFAULT mode.
2022-04-07 01:03:08.238  INFO 15844 --- [main] .s.d.r.c.RepositoryConfigurationDelegate : Finished Spring Data repository scanning in 113ms. Found 6 repository interfaces.
2022-04-07 01:03:08.816  INFO 15844 --- [main] trationDelegate$BeanPostProcessorChecker : Bean 'org.springframework.transaction.annotation.ProxyTransactionManagementConfiguration' of type [org.springframework.transaction.annotation.ProxyTransactionManagementConfiguration$$EnhancerBySpringCGLIB$$4d72d455] is not eligible for getting processed by all BeanPostProcessors (for example: not eligible for auto-proxying)
2022-04-07 01:03:09.172  INFO 15844 --- [main] com.zaxxer.hikari.HikariDataSource       : HikariPool-1 - Starting...
2022-04-07 01:03:09.345  INFO 15844 --- [main] com.zaxxer.hikari.HikariDataSource       : HikariPool-1 - Start completed.
2022-04-07 01:03:09.546  INFO 15844 --- [main] o.hibernate.jpa.internal.util.LogHelper  : HHH000204: Processing PersistenceUnitInfo [
	name: default
	...]
2022-04-07 01:03:09.645  INFO 15844 --- [main] org.hibernate.Version                    : HHH000412: Hibernate Core {5.3.9.Final}
2022-04-07 01:03:09.648  INFO 15844 --- [main] org.hibernate.cfg.Environment            : HHH000206: hibernate.properties not found
2022-04-07 01:03:09.865  INFO 15844 --- [main] o.hibernate.annotations.common.Version   : HCANN000001: Hibernate Commons Annotations {5.0.4.Final}
2022-04-07 01:03:10.530  INFO 15844 --- [main] org.hibernate.dialect.Dialect            : HHH000400: Using dialect: org.hibernate.dialect.MySQL5Dialect
2022-04-07 01:03:12.427  INFO 15844 --- [main] j.LocalContainerEntityManagerFactoryBean : Initialized JPA EntityManagerFactory for persistence unit 'default'
2022-04-07 01:03:13.138  INFO 15844 --- [main] o.h.h.i.QueryTranslatorFactoryInitiator  : HHH000397: Using ASTQueryTranslatorFactory
2022-04-07 01:03:15.250  INFO 15844 --- [main] o.s.s.concurrent.ThreadPoolTaskExecutor  : Initializing ExecutorService 'applicationTaskExecutor'
2022-04-07 01:03:15.402  WARN 15844 --- [main] aWebConfiguration$JpaWebMvcConfiguration : spring.jpa.open-in-view is enabled by default. Therefore, database queries may be performed during view rendering. Explicitly configure spring.jpa.open-in-view to disable this warning
2022-04-07 01:03:16.477  INFO 15844 --- [main] tn.esprit.spring.EmployeTest             : Started EmployeTest in 10.635 seconds (JVM running for 11.7)
2022-04-07 01:03:16.613  INFO 15844 --- [main] t.e.spring.services.EmployeServiceImpl   : ajouterEmploye a été lancé 
2022-04-07 01:03:16.736  INFO 15844 --- [main] t.e.spring.services.EmployeServiceImpl   : L'employé dont L'ID = 140 est ajouté
2022-04-07 01:03:16.844  INFO 15844 --- [main] t.e.spring.services.EmployeServiceImpl   : ajouterEmploye a été lancé 
2022-04-07 01:03:16.849  INFO 15844 --- [main] t.e.spring.services.EmployeServiceImpl   : L'employé dont L'ID = 141 est ajouté
2022-04-07 01:03:17.394  INFO 15844 --- [main] t.e.spring.services.EmployeServiceImpl   : mettreAjourEmailByEmployeId a été lancé 
2022-04-07 01:03:17.419  INFO 15844 --- [main] t.e.spring.services.EmployeServiceImpl   : L'employé dont L'ID = 2 est mis a jour 
2022-04-07 01:03:18.080  INFO 15844 --- [Thread-2] o.s.s.concurrent.ThreadPoolTaskExecutor  : Shutting down ExecutorService 'applicationTaskExecutor'
2022-04-07 01:03:18.089  INFO 15844 --- [Thread-2] j.LocalContainerEntityManagerFactoryBean : Closing JPA EntityManagerFactory for persistence unit 'default'
2022-04-07 01:03:18.094  INFO 15844 --- [Thread-2] com.zaxxer.hikari.HikariDataSource       : HikariPool-1 - Shutdown initiated...
2022-04-07 01:03:18.148  INFO 15844 --- [Thread-2] com.zaxxer.hikari.HikariDataSource       : HikariPool-1 - Shutdown completed.
2022-04-07 01:08:23.390  INFO 3888 --- [main] tn.esprit.spring.EmployeTest             : Starting EmployeTest on DESKTOP-I6V9FE6 with PID 3888 (started by Hamza in C:\Users\Hamza\OneDrive\Bureau\Continuous-Integration-Project-Timesheet\Timesheet-spring-boot-core-data-jpa-mvc-REST-1)
2022-04-07 01:08:23.393  INFO 3888 --- [main] tn.esprit.spring.EmployeTest             : No active profile set, falling back to default profiles: default
2022-04-07 01:08:24.885  INFO 3888 --- [main] .s.d.r.c.RepositoryConfigurationDelegate : Bootstrapping Spring Data repositories in DEFAULT mode.
2022-04-07 01:08:25.008  INFO 3888 --- [main] .s.d.r.c.RepositoryConfigurationDelegate : Finished Spring Data repository scanning in 112ms. Found 6 repository interfaces.
2022-04-07 01:08:25.621  INFO 3888 --- [main] trationDelegate$BeanPostProcessorChecker : Bean 'org.springframework.transaction.annotation.ProxyTransactionManagementConfiguration' of type [org.springframework.transaction.annotation.ProxyTransactionManagementConfiguration$$EnhancerBySpringCGLIB$$4b92fae8] is not eligible for getting processed by all BeanPostProcessors (for example: not eligible for auto-proxying)
2022-04-07 01:08:25.990  INFO 3888 --- [main] com.zaxxer.hikari.HikariDataSource       : HikariPool-1 - Starting...
2022-04-07 01:08:26.179  INFO 3888 --- [main] com.zaxxer.hikari.HikariDataSource       : HikariPool-1 - Start completed.
2022-04-07 01:08:26.368  INFO 3888 --- [main] o.hibernate.jpa.internal.util.LogHelper  : HHH000204: Processing PersistenceUnitInfo [
	name: default
	...]
2022-04-07 01:08:26.467  INFO 3888 --- [main] org.hibernate.Version                    : HHH000412: Hibernate Core {5.3.9.Final}
2022-04-07 01:08:26.469  INFO 3888 --- [main] org.hibernate.cfg.Environment            : HHH000206: hibernate.properties not found
2022-04-07 01:08:26.667  INFO 3888 --- [main] o.hibernate.annotations.common.Version   : HCANN000001: Hibernate Commons Annotations {5.0.4.Final}
2022-04-07 01:08:27.304  INFO 3888 --- [main] org.hibernate.dialect.Dialect            : HHH000400: Using dialect: org.hibernate.dialect.MySQL5Dialect
2022-04-07 01:08:28.787  INFO 3888 --- [main] j.LocalContainerEntityManagerFactoryBean : Initialized JPA EntityManagerFactory for persistence unit 'default'
2022-04-07 01:08:29.340  INFO 3888 --- [main] o.h.h.i.QueryTranslatorFactoryInitiator  : HHH000397: Using ASTQueryTranslatorFactory
2022-04-07 01:08:31.446  INFO 3888 --- [main] o.s.s.concurrent.ThreadPoolTaskExecutor  : Initializing ExecutorService 'applicationTaskExecutor'
2022-04-07 01:08:31.583  WARN 3888 --- [main] aWebConfiguration$JpaWebMvcConfiguration : spring.jpa.open-in-view is enabled by default. Therefore, database queries may be performed during view rendering. Explicitly configure spring.jpa.open-in-view to disable this warning
2022-04-07 01:08:32.578  INFO 3888 --- [main] tn.esprit.spring.EmployeTest             : Started EmployeTest in 9.715 seconds (JVM running for 10.775)
2022-04-07 01:08:32.727  INFO 3888 --- [main] t.e.spring.services.EmployeServiceImpl   : ajouterEmploye a été lancé 
2022-04-07 01:08:32.875  INFO 3888 --- [main] t.e.spring.services.EmployeServiceImpl   : L'employé dont L'ID = 142 est ajouté
2022-04-07 01:08:32.981  INFO 3888 --- [Thread-2] o.s.s.concurrent.ThreadPoolTaskExecutor  : Shutting down ExecutorService 'applicationTaskExecutor'
2022-04-07 01:08:32.992  INFO 3888 --- [Thread-2] j.LocalContainerEntityManagerFactoryBean : Closing JPA EntityManagerFactory for persistence unit 'default'
2022-04-07 01:08:32.995  INFO 3888 --- [Thread-2] com.zaxxer.hikari.HikariDataSource       : HikariPool-1 - Shutdown initiated...
2022-04-07 01:08:33.010  INFO 3888 --- [Thread-2] com.zaxxer.hikari.HikariDataSource       : HikariPool-1 - Shutdown completed.
2022-04-07 01:14:20.992  INFO 15984 --- [main] tn.esprit.spring.EmployeTest             : Starting EmployeTest on DESKTOP-I6V9FE6 with PID 15984 (started by Hamza in C:\Users\Hamza\OneDrive\Bureau\Continuous-Integration-Project-Timesheet\Timesheet-spring-boot-core-data-jpa-mvc-REST-1)
2022-04-07 01:14:20.995  INFO 15984 --- [main] tn.esprit.spring.EmployeTest             : No active profile set, falling back to default profiles: default
2022-04-07 01:14:22.374  INFO 15984 --- [main] .s.d.r.c.RepositoryConfigurationDelegate : Bootstrapping Spring Data repositories in DEFAULT mode.
2022-04-07 01:14:22.517  INFO 15984 --- [main] .s.d.r.c.RepositoryConfigurationDelegate : Finished Spring Data repository scanning in 123ms. Found 6 repository interfaces.
2022-04-07 01:14:23.028  INFO 15984 --- [main] trationDelegate$BeanPostProcessorChecker : Bean 'org.springframework.transaction.annotation.ProxyTransactionManagementConfiguration' of type [org.springframework.transaction.annotation.ProxyTransactionManagementConfiguration$$EnhancerBySpringCGLIB$$bab18764] is not eligible for getting processed by all BeanPostProcessors (for example: not eligible for auto-proxying)
2022-04-07 01:14:23.466  INFO 15984 --- [main] com.zaxxer.hikari.HikariDataSource       : HikariPool-1 - Starting...
2022-04-07 01:14:23.651  INFO 15984 --- [main] com.zaxxer.hikari.HikariDataSource       : HikariPool-1 - Start completed.
2022-04-07 01:14:23.828  INFO 15984 --- [main] o.hibernate.jpa.internal.util.LogHelper  : HHH000204: Processing PersistenceUnitInfo [
	name: default
	...]
2022-04-07 01:14:23.921  INFO 15984 --- [main] org.hibernate.Version                    : HHH000412: Hibernate Core {5.3.9.Final}
2022-04-07 01:14:23.923  INFO 15984 --- [main] org.hibernate.cfg.Environment            : HHH000206: hibernate.properties not found
2022-04-07 01:14:24.129  INFO 15984 --- [main] o.hibernate.annotations.common.Version   : HCANN000001: Hibernate Commons Annotations {5.0.4.Final}
2022-04-07 01:14:24.754  INFO 15984 --- [main] org.hibernate.dialect.Dialect            : HHH000400: Using dialect: org.hibernate.dialect.MySQL5Dialect
2022-04-07 01:14:26.300  INFO 15984 --- [main] j.LocalContainerEntityManagerFactoryBean : Initialized JPA EntityManagerFactory for persistence unit 'default'
2022-04-07 01:14:26.762  INFO 15984 --- [main] o.h.h.i.QueryTranslatorFactoryInitiator  : HHH000397: Using ASTQueryTranslatorFactory
2022-04-07 01:14:28.458  INFO 15984 --- [main] o.s.s.concurrent.ThreadPoolTaskExecutor  : Initializing ExecutorService 'applicationTaskExecutor'
2022-04-07 01:14:28.552  WARN 15984 --- [main] aWebConfiguration$JpaWebMvcConfiguration : spring.jpa.open-in-view is enabled by default. Therefore, database queries may be performed during view rendering. Explicitly configure spring.jpa.open-in-view to disable this warning
2022-04-07 01:14:29.607  INFO 15984 --- [main] tn.esprit.spring.EmployeTest             : Started EmployeTest in 9.146 seconds (JVM running for 10.262)
2022-04-07 01:14:29.976  INFO 15984 --- [Thread-2] o.s.s.concurrent.ThreadPoolTaskExecutor  : Shutting down ExecutorService 'applicationTaskExecutor'
2022-04-07 01:14:30.004  INFO 15984 --- [Thread-2] j.LocalContainerEntityManagerFactoryBean : Closing JPA EntityManagerFactory for persistence unit 'default'
2022-04-07 01:14:30.008  INFO 15984 --- [Thread-2] com.zaxxer.hikari.HikariDataSource       : HikariPool-1 - Shutdown initiated...
2022-04-07 01:14:30.022  INFO 15984 --- [Thread-2] com.zaxxer.hikari.HikariDataSource       : HikariPool-1 - Shutdown completed.
2022-04-07 01:36:05.056  INFO 14920 --- [RMI TCP Connection(2)-127.0.0.1] inMXBeanRegistrar$SpringApplicationAdmin : Application shutdown requested.
2022-04-07 01:36:05.216  INFO 14920 --- [RMI TCP Connection(2)-127.0.0.1] o.s.s.concurrent.ThreadPoolTaskExecutor  : Shutting down ExecutorService 'applicationTaskExecutor'
2022-04-07 01:36:05.230  INFO 14920 --- [RMI TCP Connection(2)-127.0.0.1] j.LocalContainerEntityManagerFactoryBean : Closing JPA EntityManagerFactory for persistence unit 'default'
2022-04-07 01:36:05.254  INFO 14920 --- [RMI TCP Connection(2)-127.0.0.1] com.zaxxer.hikari.HikariDataSource       : HikariPool-1 - Shutdown initiated...
2022-04-07 01:36:05.317  INFO 14920 --- [RMI TCP Connection(2)-127.0.0.1] com.zaxxer.hikari.HikariDataSource       : HikariPool-1 - Shutdown completed.
